<?xml version="1.0" encoding="UTF-8"?>
<!-- Generated by org.testng.reporters.JUnitXMLReporter -->
<testsuite ignored="1" hostname="Jagades" failures="0" tests="15" name="Default test" time="28.034" errors="0" timestamp="02 Dec 2022 10:36:46 GMT">
  <testcase classname="org.executable.TestNGSample" name="adactinLogin" time="6.863"/>
  <testcase classname="org.executable.TestNGSample" name="adactinSearchHotel" time="2.178"/>
  <testcase classname="org.executable.TestNGSample" name="adactinSelectHotel" time="1.285"/>
  <testcase classname="org.executable.TestNGSample" name="adactinBookAHotel" time="1.238"/>
  <testcase classname="org.executable.TestNGSample" name="adactinBookingConfirmation" time="6.831"/>
  <testcase classname="org.executable.TestNGSample" name="multipleExecute" time="0.0"/>
  <testcase classname="org.executable.TestNGSample" name="multipleExecute" time="0.0"/>
  <testcase classname="org.executable.TestNGSample" name="multipleExecute" time="0.0"/>
  <testcase classname="org.executable.TestNGSample" name="multipleExecute" time="0.0"/>
  <testcase classname="org.executable.TestNGSample" name="multipleExecute" time="0.0"/>
  <testcase classname="org.executable.TestNGSample" name="multipleExecute" time="0.0"/>
  <testcase classname="org.executable.TestNGSample" name="multipleExecute" time="0.0"/>
  <testcase classname="org.executable.TestNGSample" name="multipleExecute" time="0.0"/>
  <testcase classname="org.executable.TestNGSample" name="multipleExecute" time="0.0"/>
  <testcase classname="org.executable.TestNGSample" name="multipleExecute" time="0.0"/>
  <testcase classname="org.executable.TestNGSample" name="disableMethod" time="0.0">
    <ignored/>
  </testcase> <!-- disableMethod -->
</testsuite> <!-- Default test -->
